mode: set
github.com/helshabini/fsbroker/darwin.go:14.80,16.27 1 1
github.com/helshabini/fsbroker/darwin.go:16.27,18.3 1 0
github.com/helshabini/fsbroker/darwin.go:19.2,21.22 2 1
github.com/helshabini/fsbroker/darwin.go:21.22,23.3 1 1
github.com/helshabini/fsbroker/darwin.go:27.2,30.31 3 1
github.com/helshabini/fsbroker/darwin.go:30.31,33.13 3 1
github.com/helshabini/fsbroker/darwin.go:33.13,35.18 2 1
github.com/helshabini/fsbroker/darwin.go:35.18,36.27 1 1
github.com/helshabini/fsbroker/darwin.go:36.27,38.6 1 1
github.com/helshabini/fsbroker/darwin.go:38.11,40.6 1 0
github.com/helshabini/fsbroker/darwin.go:41.5,41.13 1 1
github.com/helshabini/fsbroker/darwin.go:43.4,44.19 2 1
github.com/helshabini/fsbroker/darwin.go:44.19,46.13 2 0
github.com/helshabini/fsbroker/darwin.go:48.4,48.30 1 1
github.com/helshabini/fsbroker/darwin.go:53.2,61.62 3 1
github.com/helshabini/fsbroker/darwin.go:61.62,64.21 2 1
github.com/helshabini/fsbroker/darwin.go:65.15,80.14 2 1
github.com/helshabini/fsbroker/darwin.go:80.14,87.13 7 1
github.com/helshabini/fsbroker/darwin.go:90.4,92.27 2 1
github.com/helshabini/fsbroker/darwin.go:92.27,97.41 5 1
github.com/helshabini/fsbroker/darwin.go:97.41,101.6 2 1
github.com/helshabini/fsbroker/darwin.go:102.5,104.13 3 1
github.com/helshabini/fsbroker/darwin.go:108.4,110.28 3 1
github.com/helshabini/fsbroker/darwin.go:110.28,112.5 1 1
github.com/helshabini/fsbroker/darwin.go:112.10,119.5 6 1
github.com/helshabini/fsbroker/darwin.go:121.4,121.48 1 1
github.com/helshabini/fsbroker/darwin.go:122.14,132.14 2 1
github.com/helshabini/fsbroker/darwin.go:132.14,140.13 7 1
github.com/helshabini/fsbroker/darwin.go:143.4,145.27 2 1
github.com/helshabini/fsbroker/darwin.go:145.27,151.41 6 1
github.com/helshabini/fsbroker/darwin.go:151.41,155.6 2 0
github.com/helshabini/fsbroker/darwin.go:156.5,158.13 3 1
github.com/helshabini/fsbroker/darwin.go:162.4,168.47 6 1
github.com/helshabini/fsbroker/darwin.go:170.15,181.27 2 1
github.com/helshabini/fsbroker/darwin.go:181.27,187.13 6 1
github.com/helshabini/fsbroker/darwin.go:190.4,195.48 5 1
github.com/helshabini/fsbroker/darwin.go:197.15,206.27 2 1
github.com/helshabini/fsbroker/darwin.go:206.27,212.13 6 1
github.com/helshabini/fsbroker/darwin.go:216.4,222.48 6 1
github.com/helshabini/fsbroker/darwin.go:224.14,236.14 2 1
github.com/helshabini/fsbroker/darwin.go:236.14,242.13 6 0
github.com/helshabini/fsbroker/darwin.go:246.4,248.27 3 1
github.com/helshabini/fsbroker/darwin.go:248.27,249.48 1 1
github.com/helshabini/fsbroker/darwin.go:249.48,256.6 6 1
github.com/helshabini/fsbroker/darwin.go:260.4,260.26 1 1
github.com/helshabini/fsbroker/darwin.go:260.26,265.5 4 0
github.com/helshabini/fsbroker/darwin.go:267.4,267.47 1 1
github.com/helshabini/fsbroker/darwin.go:276.2,277.34 2 1
github.com/helshabini/fsbroker/darwin.go:277.34,280.3 2 1
github.com/helshabini/fsbroker/darwin.go:281.2,281.29 1 1
github.com/helshabini/fsbroker/darwin.go:281.29,283.3 1 1
github.com/helshabini/fsbroker/darwin.go:287.37,290.14 2 1
github.com/helshabini/fsbroker/darwin.go:307.13,308.14 1 0
github.com/helshabini/fsbroker/darwin.go:313.2,316.69 1 1
github.com/helshabini/fsbroker/darwin.go:316.69,318.3 1 0
github.com/helshabini/fsbroker/darwin.go:321.2,321.37 1 1
github.com/helshabini/fsbroker/darwin.go:321.37,323.3 1 0
github.com/helshabini/fsbroker/darwin.go:326.2,326.87 1 1
github.com/helshabini/fsbroker/darwin.go:330.46,332.84 2 1
github.com/helshabini/fsbroker/darwin.go:332.84,334.3 1 1
github.com/helshabini/fsbroker/darwin.go:340.2,340.19 1 1
github.com/helshabini/fsbroker/darwin.go:343.60,346.9 3 1
github.com/helshabini/fsbroker/darwin.go:346.9,348.3 1 0
github.com/helshabini/fsbroker/darwin.go:350.2,356.3 1 1
github.com/helshabini/fsbroker/debug_off.go:11.13,18.2 3 1
github.com/helshabini/fsbroker/debug_off.go:21.36,23.2 0 1
github.com/helshabini/fsbroker/eventstack.go:13.34,18.2 1 1
github.com/helshabini/fsbroker/eventstack.go:20.45,24.2 3 1
github.com/helshabini/fsbroker/eventstack.go:26.38,29.24 3 1
github.com/helshabini/fsbroker/eventstack.go:29.24,31.3 1 1
github.com/helshabini/fsbroker/eventstack.go:32.2,34.15 3 1
github.com/helshabini/fsbroker/eventstack.go:37.41,45.2 5 1
github.com/helshabini/fsbroker/eventstack.go:47.49,53.29 4 0
github.com/helshabini/fsbroker/eventstack.go:53.29,55.3 1 0
github.com/helshabini/fsbroker/eventstack.go:56.2,56.17 1 0
github.com/helshabini/fsbroker/eventstack.go:59.52,62.29 3 1
github.com/helshabini/fsbroker/eventstack.go:62.29,63.18 1 1
github.com/helshabini/fsbroker/eventstack.go:63.18,66.4 2 1
github.com/helshabini/fsbroker/eventstack.go:68.2,68.14 1 1
github.com/helshabini/fsbroker/eventstack.go:71.31,75.2 3 1
github.com/helshabini/fsbroker/eventstack.go:77.33,81.2 3 1
github.com/helshabini/fsbroker/fsaction.go:31.73,39.2 1 1
github.com/helshabini/fsbroker/fsaction.go:41.44,53.2 3 1
github.com/helshabini/fsbroker/fsaction.go:55.39,57.2 1 1
github.com/helshabini/fsbroker/fsaction.go:59.85,61.11 2 1
github.com/helshabini/fsbroker/fsaction.go:61.11,64.3 2 1
github.com/helshabini/fsbroker/fsaction.go:66.2,68.15 3 1
github.com/helshabini/fsbroker/fsaction.go:72.43,73.9 1 1
github.com/helshabini/fsbroker/fsaction.go:74.45,75.16 1 1
github.com/helshabini/fsbroker/fsaction.go:76.43,77.15 1 1
github.com/helshabini/fsbroker/fsaction.go:78.45,79.16 1 1
github.com/helshabini/fsbroker/fsaction.go:80.45,81.16 1 1
github.com/helshabini/fsbroker/fsaction.go:82.43,83.15 1 1
github.com/helshabini/fsbroker/fsaction.go:84.10,85.12 1 1
github.com/helshabini/fsbroker/fsbroker.go:30.55,32.16 2 1
github.com/helshabini/fsbroker/fsbroker.go:32.16,34.3 1 0
github.com/helshabini/fsbroker/fsbroker.go:36.2,45.8 1 1
github.com/helshabini/fsbroker/fsbroker.go:49.28,52.12 2 1
github.com/helshabini/fsbroker/fsbroker.go:52.12,53.7 1 1
github.com/helshabini/fsbroker/fsbroker.go:53.7,54.11 1 1
github.com/helshabini/fsbroker/fsbroker.go:55.37,56.21 1 1
github.com/helshabini/fsbroker/fsbroker.go:57.92,59.26 2 1
github.com/helshabini/fsbroker/fsbroker.go:60.13,61.78 1 1
github.com/helshabini/fsbroker/fsbroker.go:63.35,64.21 1 0
github.com/helshabini/fsbroker/fsbroker.go:71.44,73.2 1 1
github.com/helshabini/fsbroker/fsbroker.go:76.41,78.2 1 1
github.com/helshabini/fsbroker/fsbroker.go:83.57,85.79 2 1
github.com/helshabini/fsbroker/fsbroker.go:85.79,86.17 1 1
github.com/helshabini/fsbroker/fsbroker.go:86.17,88.4 1 0
github.com/helshabini/fsbroker/fsbroker.go:90.3,90.19 1 1
github.com/helshabini/fsbroker/fsbroker.go:90.19,91.57 1 1
github.com/helshabini/fsbroker/fsbroker.go:91.57,93.5 1 0
github.com/helshabini/fsbroker/fsbroker.go:95.3,97.13 2 1
github.com/helshabini/fsbroker/fsbroker.go:99.2,99.12 1 1
github.com/helshabini/fsbroker/fsbroker.go:103.48,105.39 1 1
github.com/helshabini/fsbroker/fsbroker.go:105.39,107.3 1 0
github.com/helshabini/fsbroker/fsbroker.go:109.2,110.16 2 1
github.com/helshabini/fsbroker/fsbroker.go:110.16,112.3 1 0
github.com/helshabini/fsbroker/fsbroker.go:114.2,114.44 1 1
github.com/helshabini/fsbroker/fsbroker.go:114.44,116.3 1 0
github.com/helshabini/fsbroker/fsbroker.go:119.2,119.29 1 1
github.com/helshabini/fsbroker/fsbroker.go:119.29,121.17 2 1
github.com/helshabini/fsbroker/fsbroker.go:121.17,122.12 1 0
github.com/helshabini/fsbroker/fsbroker.go:124.3,124.69 1 1
github.com/helshabini/fsbroker/fsbroker.go:127.2,127.12 1 1
github.com/helshabini/fsbroker/fsbroker.go:130.74,132.39 1 1
github.com/helshabini/fsbroker/fsbroker.go:132.39,134.3 1 0
github.com/helshabini/fsbroker/fsbroker.go:136.2,136.18 1 1
github.com/helshabini/fsbroker/fsbroker.go:136.18,137.45 1 1
github.com/helshabini/fsbroker/fsbroker.go:137.45,139.4 1 0
github.com/helshabini/fsbroker/fsbroker.go:142.2,142.12 1 1
github.com/helshabini/fsbroker/fsbroker.go:146.45,152.54 3 0
github.com/helshabini/fsbroker/fsbroker.go:152.54,153.35 1 0
github.com/helshabini/fsbroker/fsbroker.go:153.35,155.4 1 0
github.com/helshabini/fsbroker/fsbroker.go:157.2,157.29 1 0
github.com/helshabini/fsbroker/fsbroker.go:157.29,159.3 1 0
github.com/helshabini/fsbroker/fsbroker.go:163.32,168.18 3 1
github.com/helshabini/fsbroker/fsbroker.go:168.18,170.3 1 0
github.com/helshabini/fsbroker/fsbroker.go:172.2,176.6 4 1
github.com/helshabini/fsbroker/fsbroker.go:176.6,178.10 2 1
github.com/helshabini/fsbroker/fsbroker.go:179.28,181.26 1 1
github.com/helshabini/fsbroker/fsbroker.go:183.19,184.47 1 1
github.com/helshabini/fsbroker/fsbroker.go:186.17,187.10 1 1
github.com/helshabini/fsbroker/fsbroker.go:193.27,196.2 2 1
github.com/helshabini/fsbroker/fsbroker.go:199.54,202.32 2 1
github.com/helshabini/fsbroker/fsbroker.go:202.32,204.17 2 1
github.com/helshabini/fsbroker/fsbroker.go:204.17,209.4 1 0
github.com/helshabini/fsbroker/fsbroker.go:209.9,209.20 1 1
github.com/helshabini/fsbroker/fsbroker.go:209.20,212.4 2 1
github.com/helshabini/fsbroker/fsbroker.go:215.2,215.57 1 1
github.com/helshabini/fsbroker/fsbroker.go:215.57,218.3 2 0
github.com/helshabini/fsbroker/fsbroker.go:220.2,221.21 2 1
github.com/helshabini/fsbroker/fsbroker.go:225.49,227.2 1 1
github.com/helshabini/fsbroker/fsbroker.go:229.41,232.2 2 1
github.com/helshabini/fsbroker/fsbroker_test_posix.go:10.56,13.2 1 1
github.com/helshabini/fsbroker/fsconfig.go:14.34,21.2 1 1
github.com/helshabini/fsbroker/fsevent.go:18.49,25.2 1 1
github.com/helshabini/fsbroker/fsevent.go:27.38,29.2 1 0
github.com/helshabini/fsbroker/fsinfo.go:17.34,19.2 1 1
github.com/helshabini/fsbroker/fsinfo.go:21.37,24.2 1 1
github.com/helshabini/fsbroker/fsmap.go:16.24,22.2 1 1
github.com/helshabini/fsbroker/fsmap.go:24.42,40.11 4 1
github.com/helshabini/fsbroker/fsmap.go:40.11,42.3 1 1
github.com/helshabini/fsbroker/fsmap.go:43.2,46.12 3 1
github.com/helshabini/fsbroker/fsmap.go:49.44,53.2 3 1
github.com/helshabini/fsbroker/fsmap.go:55.48,59.2 3 1
github.com/helshabini/fsbroker/fsmap.go:61.45,66.12 4 1
github.com/helshabini/fsbroker/fsmap.go:66.12,68.3 1 1
github.com/helshabini/fsbroker/fsmap.go:70.2,74.12 3 1
github.com/helshabini/fsbroker/fsmap.go:77.49,82.12 4 1
github.com/helshabini/fsbroker/fsmap.go:82.12,84.3 1 1
github.com/helshabini/fsbroker/fsmap.go:86.2,90.12 3 1
github.com/helshabini/fsbroker/fsmap.go:93.70,96.32 3 1
github.com/helshabini/fsbroker/fsmap.go:96.32,98.3 1 1
github.com/helshabini/fsbroker/fsmap.go:101.72,104.34 3 1
github.com/helshabini/fsbroker/fsmap.go:104.34,106.3 1 1
github.com/helshabini/fsbroker/fsmap.go:109.28,114.2 3 1
github.com/helshabini/fsbroker/optype_string.go:23.33,24.48 1 1
github.com/helshabini/fsbroker/optype_string.go:24.48,26.3 1 0
github.com/helshabini/fsbroker/optype_string.go:27.2,27.58 1 1
